Command line invocation:
    /Applications/Xcode.app/Contents/Developer/usr/bin/xcodebuild build -project SnapPath.xcodeproj -scheme SnapPath -configuration Debug -destination platform=macOS

Resolve Package Graph


Resolved source packages:
  LaunchAtLogin: https://github.com/sindresorhus/LaunchAtLogin-Legacy @ 4.2.0
  Sparkle: https://github.com/sparkle-project/Sparkle @ 2.8.1
  KeyboardShortcuts: https://github.com/sindresorhus/KeyboardShortcuts @ 2.2.2

--- xcodebuild: WARNING: Using the first of multiple matching destinations:
{ platform:macOS, arch:arm64, id:00006000-001411DC1AD8801E, name:My Mac }
{ platform:macOS, arch:x86_64, id:00006000-001411DC1AD8801E, name:My Mac }
ComputePackagePrebuildTargetDependencyGraph

Prepare packages

CreateBuildRequest

SendProjectDescription

CreateBuildOperation

ComputeTargetDependencyGraph
note: Building targets in dependency order
note: Target dependency graph (8 targets)
    Target 'SnapPath' in project 'SnapPath'
        ➜ Explicit dependency on target 'LaunchAtLogin' in project 'LaunchAtLogin'
        ➜ Explicit dependency on target 'KeyboardShortcuts' in project 'KeyboardShortcuts'
        ➜ Explicit dependency on target 'Sparkle' in project 'Sparkle'
    Target 'Sparkle' in project 'Sparkle' (no dependencies)
    Target 'KeyboardShortcuts' in project 'KeyboardShortcuts'
        ➜ Explicit dependency on target 'KeyboardShortcuts' in project 'KeyboardShortcuts'
        ➜ Explicit dependency on target 'KeyboardShortcuts_KeyboardShortcuts' in project 'KeyboardShortcuts'
    Target 'KeyboardShortcuts' in project 'KeyboardShortcuts'
        ➜ Explicit dependency on target 'KeyboardShortcuts_KeyboardShortcuts' in project 'KeyboardShortcuts'
    Target 'KeyboardShortcuts_KeyboardShortcuts' in project 'KeyboardShortcuts' (no dependencies)
    Target 'LaunchAtLogin' in project 'LaunchAtLogin'
        ➜ Explicit dependency on target 'LaunchAtLogin' in project 'LaunchAtLogin'
        ➜ Explicit dependency on target 'LaunchAtLogin_LaunchAtLogin' in project 'LaunchAtLogin'
    Target 'LaunchAtLogin' in project 'LaunchAtLogin'
        ➜ Explicit dependency on target 'LaunchAtLogin_LaunchAtLogin' in project 'LaunchAtLogin'
    Target 'LaunchAtLogin_LaunchAtLogin' in project 'LaunchAtLogin' (no dependencies)

GatherProvisioningInputs

CreateBuildDescription

ExecuteExternalTool /Applications/Xcode.app/Contents/Developer/Toolchains/XcodeDefault.xctoolchain/usr/bin/clang -v -E -dM -isysroot /Applications/Xcode.app/Contents/Developer/Platforms/MacOSX.platform/Developer/SDKs/MacOSX26.2.sdk -x c -c /dev/null

ExecuteExternalTool /Applications/Xcode.app/Contents/Developer/Toolchains/XcodeDefault.xctoolchain/usr/bin/swiftc --version

ExecuteExternalTool /Applications/Xcode.app/Contents/Developer/usr/bin/actool --version --output-format xml1

ExecuteExternalTool /Applications/Xcode.app/Contents/Developer/usr/bin/xcstringstool compile --dry-run --output-directory /Users/roy/Library/Developer/Xcode/DerivedData/SnapPath-gnushpntdfxxggfbjwrdpcoqhjsb/Build/Intermediates.noindex/SnapPath.build/Debug/SnapPath.build /Users/roy/source/project/SnapPath/SnapPath/Localizable.xcstrings

ExecuteExternalTool /Applications/Xcode.app/Contents/Developer/Toolchains/XcodeDefault.xctoolchain/usr/bin/ld -version_details

Build description signature: 4a504c2ba29d0f3d690a86f91b518d86
Build description path: /Users/roy/Library/Developer/Xcode/DerivedData/SnapPath-gnushpntdfxxggfbjwrdpcoqhjsb/Build/Intermediates.noindex/XCBuildData/4a504c2ba29d0f3d690a86f91b518d86.xcbuilddata
ClangStatCache /Applications/Xcode.app/Contents/Developer/Toolchains/XcodeDefault.xctoolchain/usr/bin/clang-stat-cache /Applications/Xcode.app/Contents/Developer/Platforms/MacOSX.platform/Developer/SDKs/MacOSX26.2.sdk /Users/roy/Library/Developer/Xcode/DerivedData/SDKStatCaches.noindex/macosx26.2-25C57-00fa09913b459cbbc988d1f6730289ae.sdkstatcache
    cd /Users/roy/source/project/SnapPath/SnapPath.xcodeproj
    /Applications/Xcode.app/Contents/Developer/Toolchains/XcodeDefault.xctoolchain/usr/bin/clang-stat-cache /Applications/Xcode.app/Contents/Developer/Platforms/MacOSX.platform/Developer/SDKs/MacOSX26.2.sdk -o /Users/roy/Library/Developer/Xcode/DerivedData/SDKStatCaches.noindex/macosx26.2-25C57-00fa09913b459cbbc988d1f6730289ae.sdkstatcache

ProcessInfoPlistFile /Users/roy/Library/Developer/Xcode/DerivedData/SnapPath-gnushpntdfxxggfbjwrdpcoqhjsb/Build/Products/Debug/KeyboardShortcuts_KeyboardShortcuts.bundle/Contents/Info.plist /Users/roy/Library/Developer/Xcode/DerivedData/SnapPath-gnushpntdfxxggfbjwrdpcoqhjsb/Build/Intermediates.noindex/KeyboardShortcuts.build/Debug/KeyboardShortcuts_KeyboardShortcuts.build/empty-KeyboardShortcuts_KeyboardShortcuts.plist (in target 'KeyboardShortcuts_KeyboardShortcuts' from project 'KeyboardShortcuts')
    cd /Users/roy/Library/Developer/Xcode/DerivedData/SnapPath-gnushpntdfxxggfbjwrdpcoqhjsb/SourcePackages/checkouts/KeyboardShortcuts
    builtin-infoPlistUtility /Users/roy/Library/Developer/Xcode/DerivedData/SnapPath-gnushpntdfxxggfbjwrdpcoqhjsb/Build/Intermediates.noindex/KeyboardShortcuts.build/Debug/KeyboardShortcuts_KeyboardShortcuts.build/empty-KeyboardShortcuts_KeyboardShortcuts.plist -producttype com.apple.product-type.bundle -expandbuildsettings -platform macosx -o /Users/roy/Library/Developer/Xcode/DerivedData/SnapPath-gnushpntdfxxggfbjwrdpcoqhjsb/Build/Products/Debug/KeyboardShortcuts_KeyboardShortcuts.bundle/Contents/Info.plist

ProcessInfoPlistFile /Users/roy/Library/Developer/Xcode/DerivedData/SnapPath-gnushpntdfxxggfbjwrdpcoqhjsb/Build/Products/Debug/LaunchAtLogin_LaunchAtLogin.bundle/Contents/Info.plist /Users/roy/Library/Developer/Xcode/DerivedData/SnapPath-gnushpntdfxxggfbjwrdpcoqhjsb/Build/Intermediates.noindex/LaunchAtLogin.build/Debug/LaunchAtLogin_LaunchAtLogin.build/empty-LaunchAtLogin_LaunchAtLogin.plist (in target 'LaunchAtLogin_LaunchAtLogin' from project 'LaunchAtLogin')
    cd /Users/roy/Library/Developer/Xcode/DerivedData/SnapPath-gnushpntdfxxggfbjwrdpcoqhjsb/SourcePackages/checkouts/LaunchAtLogin-Legacy
    builtin-infoPlistUtility /Users/roy/Library/Developer/Xcode/DerivedData/SnapPath-gnushpntdfxxggfbjwrdpcoqhjsb/Build/Intermediates.noindex/LaunchAtLogin.build/Debug/LaunchAtLogin_LaunchAtLogin.build/empty-LaunchAtLogin_LaunchAtLogin.plist -producttype com.apple.product-type.bundle -expandbuildsettings -platform macosx -o /Users/roy/Library/Developer/Xcode/DerivedData/SnapPath-gnushpntdfxxggfbjwrdpcoqhjsb/Build/Products/Debug/LaunchAtLogin_LaunchAtLogin.bundle/Contents/Info.plist

warning: Run script build phase 'Copy LaunchAtLogin Helper' will be run during every build because it does not specify any outputs. To address this issue, either add output dependencies to the script phase, or configure it to run in every build by unchecking "Based on dependency analysis" in the script phase. (in target 'SnapPath' from project 'SnapPath')
ProcessProductPackaging "" /Users/roy/Library/Developer/Xcode/DerivedData/SnapPath-gnushpntdfxxggfbjwrdpcoqhjsb/Build/Intermediates.noindex/SnapPath.build/Debug/SnapPath.build/SnapPath.app.xcent (in target 'SnapPath' from project 'SnapPath')
    cd /Users/roy/source/project/SnapPath
    
    Entitlements:
    
    {
    "com.apple.security.get-task-allow" = 1;
}
    
    builtin-productPackagingUtility -entitlements -format xml -o /Users/roy/Library/Developer/Xcode/DerivedData/SnapPath-gnushpntdfxxggfbjwrdpcoqhjsb/Build/Intermediates.noindex/SnapPath.build/Debug/SnapPath.build/SnapPath.app.xcent

ProcessProductPackagingDER /Users/roy/Library/Developer/Xcode/DerivedData/SnapPath-gnushpntdfxxggfbjwrdpcoqhjsb/Build/Intermediates.noindex/SnapPath.build/Debug/SnapPath.build/SnapPath.app.xcent /Users/roy/Library/Developer/Xcode/DerivedData/SnapPath-gnushpntdfxxggfbjwrdpcoqhjsb/Build/Intermediates.noindex/SnapPath.build/Debug/SnapPath.build/SnapPath.app.xcent.der (in target 'SnapPath' from project 'SnapPath')
    cd /Users/roy/source/project/SnapPath
    /usr/bin/derq query -f xml -i /Users/roy/Library/Developer/Xcode/DerivedData/SnapPath-gnushpntdfxxggfbjwrdpcoqhjsb/Build/Intermediates.noindex/SnapPath.build/Debug/SnapPath.build/SnapPath.app.xcent -o /Users/roy/Library/Developer/Xcode/DerivedData/SnapPath-gnushpntdfxxggfbjwrdpcoqhjsb/Build/Intermediates.noindex/SnapPath.build/Debug/SnapPath.build/SnapPath.app.xcent.der --raw

SwiftDriver SnapPath normal arm64 com.apple.xcode.tools.swift.compiler (in target 'SnapPath' from project 'SnapPath')
    cd /Users/roy/source/project/SnapPath
    builtin-SwiftDriver -- /Applications/Xcode.app/Contents/Developer/Toolchains/XcodeDefault.xctoolchain/usr/bin/swiftc -module-name SnapPath -Onone -enforce-exclusivity\=checked @/Users/roy/Library/Developer/Xcode/DerivedData/SnapPath-gnushpntdfxxggfbjwrdpcoqhjsb/Build/Intermediates.noindex/SnapPath.build/Debug/SnapPath.build/Objects-normal/arm64/SnapPath.SwiftFileList -DDEBUG -enable-bare-slash-regex -enable-experimental-feature DebugDescriptionMacro -sdk /Applications/Xcode.app/Contents/Developer/Platforms/MacOSX.platform/Developer/SDKs/MacOSX26.2.sdk -target arm64-apple-macos11.5 -g -module-cache-path /Users/roy/Library/Developer/Xcode/DerivedData/ModuleCache.noindex -Xfrontend -serialize-debugging-options -enable-testing -index-store-path /Users/roy/Library/Developer/Xcode/DerivedData/SnapPath-gnushpntdfxxggfbjwrdpcoqhjsb/Index.noindex/DataStore -Xcc -D_LIBCPP_HARDENING_MODE\=_LIBCPP_HARDENING_MODE_DEBUG -swift-version 5 -I /Users/roy/Library/Developer/Xcode/DerivedData/SnapPath-gnushpntdfxxggfbjwrdpcoqhjsb/Build/Products/Debug -F /Users/roy/Library/Developer/Xcode/DerivedData/SnapPath-gnushpntdfxxggfbjwrdpcoqhjsb/Build/Products/Debug/PackageFrameworks -F /Users/roy/Library/Developer/Xcode/DerivedData/SnapPath-gnushpntdfxxggfbjwrdpcoqhjsb/Build/Products/Debug/PackageFrameworks -F /Users/roy/Library/Developer/Xcode/DerivedData/SnapPath-gnushpntdfxxggfbjwrdpcoqhjsb/Build/Products/Debug -emit-localized-strings -emit-localized-strings-path /Users/roy/Library/Developer/Xcode/DerivedData/SnapPath-gnushpntdfxxggfbjwrdpcoqhjsb/Build/Intermediates.noindex/SnapPath.build/Debug/SnapPath.build/Objects-normal/arm64 -c -j10 -enable-batch-mode -incremental -Xcc -ivfsstatcache -Xcc /Users/roy/Library/Developer/Xcode/DerivedData/SDKStatCaches.noindex/macosx26.2-25C57-00fa09913b459cbbc988d1f6730289ae.sdkstatcache -output-file-map /Users/roy/Library/Developer/Xcode/DerivedData/SnapPath-gnushpntdfxxggfbjwrdpcoqhjsb/Build/Intermediates.noindex/SnapPath.build/Debug/SnapPath.build/Objects-normal/arm64/SnapPath-OutputFileMap.json -use-frontend-parseable-output -save-temps -no-color-diagnostics -explicit-module-build -module-cache-path /Users/roy/Library/Developer/Xcode/DerivedData/SnapPath-gnushpntdfxxggfbjwrdpcoqhjsb/Build/Intermediates.noindex/SwiftExplicitPrecompiledModules -clang-scanner-module-cache-path /Users/roy/Library/Developer/Xcode/DerivedData/ModuleCache.noindex -sdk-module-cache-path /Users/roy/Library/Developer/Xcode/DerivedData/ModuleCache.noindex -serialize-diagnostics -emit-dependencies -emit-module -emit-module-path /Users/roy/Library/Developer/Xcode/DerivedData/SnapPath-gnushpntdfxxggfbjwrdpcoqhjsb/Build/Intermediates.noindex/SnapPath.build/Debug/SnapPath.build/Objects-normal/arm64/SnapPath.swiftmodule -validate-clang-modules-once -clang-build-session-file /Users/roy/Library/Developer/Xcode/DerivedData/ModuleCache.noindex/Session.modulevalidation -Xcc -I/Users/roy/Library/Developer/Xcode/DerivedData/SnapPath-gnushpntdfxxggfbjwrdpcoqhjsb/Build/Intermediates.noindex/SnapPath.build/Debug/SnapPath.build/swift-overrides.hmap -emit-const-values -Xfrontend -const-gather-protocols-file -Xfrontend /Users/roy/Library/Developer/Xcode/DerivedData/SnapPath-gnushpntdfxxggfbjwrdpcoqhjsb/Build/Intermediates.noindex/SnapPath.build/Debug/SnapPath.build/Objects-normal/arm64/SnapPath_const_extract_protocols.json -Xcc -iquote -Xcc /Users/roy/Library/Developer/Xcode/DerivedData/SnapPath-gnushpntdfxxggfbjwrdpcoqhjsb/Build/Intermediates.noindex/SnapPath.build/Debug/SnapPath.build/SnapPath-generated-files.hmap -Xcc -I/Users/roy/Library/Developer/Xcode/DerivedData/SnapPath-gnushpntdfxxggfbjwrdpcoqhjsb/Build/Intermediates.noindex/SnapPath.build/Debug/SnapPath.build/SnapPath-own-target-headers.hmap -Xcc -I/Users/roy/Library/Developer/Xcode/DerivedData/SnapPath-gnushpntdfxxggfbjwrdpcoqhjsb/Build/Intermediates.noindex/SnapPath.build/Debug/SnapPath.build/SnapPath-all-non-framework-target-headers.hmap -Xcc -ivfsoverlay -Xcc /Users/roy/Library/Developer/Xcode/DerivedData/SnapPath-gnushpntdfxxggfbjwrdpcoqhjsb/Build/Intermediates.noindex/SnapPath.build/Debug/SnapPath-1357f86ea78b2f38c05ee02ede49d9f6-VFS/all-product-headers.yaml -Xcc -iquote -Xcc /Users/roy/Library/Developer/Xcode/DerivedData/SnapPath-gnushpntdfxxggfbjwrdpcoqhjsb/Build/Intermediates.noindex/SnapPath.build/Debug/SnapPath.build/SnapPath-project-headers.hmap -Xcc -I/Users/roy/Library/Developer/Xcode/DerivedData/SnapPath-gnushpntdfxxggfbjwrdpcoqhjsb/Build/Products/Debug/include -Xcc -I/Users/roy/Library/Developer/Xcode/DerivedData/SnapPath-gnushpntdfxxggfbjwrdpcoqhjsb/Build/Intermediates.noindex/SnapPath.build/Debug/SnapPath.build/DerivedSources-normal/arm64 -Xcc -I/Users/roy/Library/Developer/Xcode/DerivedData/SnapPath-gnushpntdfxxggfbjwrdpcoqhjsb/Build/Intermediates.noindex/SnapPath.build/Debug/SnapPath.build/DerivedSources/arm64 -Xcc -I/Users/roy/Library/Developer/Xcode/DerivedData/SnapPath-gnushpntdfxxggfbjwrdpcoqhjsb/Build/Intermediates.noindex/SnapPath.build/Debug/SnapPath.build/DerivedSources -Xcc -DDEBUG\=1 -emit-objc-header -emit-objc-header-path /Users/roy/Library/Developer/Xcode/DerivedData/SnapPath-gnushpntdfxxggfbjwrdpcoqhjsb/Build/Intermediates.noindex/SnapPath.build/Debug/SnapPath.build/Objects-normal/arm64/SnapPath-Swift.h -working-directory /Users/roy/source/project/SnapPath -experimental-emit-module-separately -disable-cmo

CompileXCStrings /Users/roy/Library/Developer/Xcode/DerivedData/SnapPath-gnushpntdfxxggfbjwrdpcoqhjsb/Build/Intermediates.noindex/SnapPath.build/Debug/SnapPath.build/ /Users/roy/source/project/SnapPath/SnapPath/Localizable.xcstrings (in target 'SnapPath' from project 'SnapPath')
    cd /Users/roy/source/project/SnapPath
    /Applications/Xcode.app/Contents/Developer/usr/bin/xcstringstool compile --output-directory /Users/roy/Library/Developer/Xcode/DerivedData/SnapPath-gnushpntdfxxggfbjwrdpcoqhjsb/Build/Intermediates.noindex/SnapPath.build/Debug/SnapPath.build /Users/roy/source/project/SnapPath/SnapPath/Localizable.xcstrings

ProcessInfoPlistFile /Users/roy/Library/Developer/Xcode/DerivedData/SnapPath-gnushpntdfxxggfbjwrdpcoqhjsb/Build/Products/Debug/SnapPath.app/Contents/Info.plist /Users/roy/Library/Developer/Xcode/DerivedData/SnapPath-gnushpntdfxxggfbjwrdpcoqhjsb/Build/Intermediates.noindex/SnapPath.build/Debug/SnapPath.build/empty-SnapPath.plist (in target 'SnapPath' from project 'SnapPath')
    cd /Users/roy/source/project/SnapPath
    builtin-infoPlistUtility /Users/roy/Library/Developer/Xcode/DerivedData/SnapPath-gnushpntdfxxggfbjwrdpcoqhjsb/Build/Intermediates.noindex/SnapPath.build/Debug/SnapPath.build/empty-SnapPath.plist -producttype com.apple.product-type.application -genpkginfo /Users/roy/Library/Developer/Xcode/DerivedData/SnapPath-gnushpntdfxxggfbjwrdpcoqhjsb/Build/Products/Debug/SnapPath.app/Contents/PkgInfo -expandbuildsettings -platform macosx -additionalcontentfile /Users/roy/Library/Developer/Xcode/DerivedData/SnapPath-gnushpntdfxxggfbjwrdpcoqhjsb/Build/Intermediates.noindex/SnapPath.build/Debug/SnapPath.build/assetcatalog_generated_info.plist -scanforprivacyfile /Users/roy/Library/Developer/Xcode/DerivedData/SnapPath-gnushpntdfxxggfbjwrdpcoqhjsb/Build/Products/Debug/SnapPath.app/Contents/Frameworks/Sparkle.framework -scanforprivacyfile /Users/roy/Library/Developer/Xcode/DerivedData/SnapPath-gnushpntdfxxggfbjwrdpcoqhjsb/Build/Products/Debug/SnapPath.app/Contents/Resources/KeyboardShortcuts_KeyboardShortcuts.bundle -scanforprivacyfile /Users/roy/Library/Developer/Xcode/DerivedData/SnapPath-gnushpntdfxxggfbjwrdpcoqhjsb/Build/Products/Debug/SnapPath.app/Contents/Resources/LaunchAtLogin_LaunchAtLogin.bundle -o /Users/roy/Library/Developer/Xcode/DerivedData/SnapPath-gnushpntdfxxggfbjwrdpcoqhjsb/Build/Products/Debug/SnapPath.app/Contents/Info.plist

CopyStringsFile /Users/roy/Library/Developer/Xcode/DerivedData/SnapPath-gnushpntdfxxggfbjwrdpcoqhjsb/Build/Products/Debug/SnapPath.app/Contents/Resources/en.lproj/Localizable.strings /Users/roy/Library/Developer/Xcode/DerivedData/SnapPath-gnushpntdfxxggfbjwrdpcoqhjsb/Build/Intermediates.noindex/SnapPath.build/Debug/SnapPath.build/en.lproj/Localizable.strings (in target 'SnapPath' from project 'SnapPath')
    cd /Users/roy/source/project/SnapPath
    builtin-copyStrings --validate --outputencoding UTF-16 --outfilename Localizable.strings --outdir /Users/roy/Library/Developer/Xcode/DerivedData/SnapPath-gnushpntdfxxggfbjwrdpcoqhjsb/Build/Products/Debug/SnapPath.app/Contents/Resources/en.lproj -- /Users/roy/Library/Developer/Xcode/DerivedData/SnapPath-gnushpntdfxxggfbjwrdpcoqhjsb/Build/Intermediates.noindex/SnapPath.build/Debug/SnapPath.build/en.lproj/Localizable.strings
/Users/roy/Library/Developer/Xcode/DerivedData/SnapPath-gnushpntdfxxggfbjwrdpcoqhjsb/Build/Intermediates.noindex/SnapPath.build/Debug/SnapPath.build/en.lproj/Localizable.strings:1:1: note: detected encoding of input file as Unicode (UTF-8) (in target 'SnapPath' from project 'SnapPath')

CopyStringsFile /Users/roy/Library/Developer/Xcode/DerivedData/SnapPath-gnushpntdfxxggfbjwrdpcoqhjsb/Build/Products/Debug/SnapPath.app/Contents/Resources/zh-Hans.lproj/Localizable.strings /Users/roy/Library/Developer/Xcode/DerivedData/SnapPath-gnushpntdfxxggfbjwrdpcoqhjsb/Build/Intermediates.noindex/SnapPath.build/Debug/SnapPath.build/zh-Hans.lproj/Localizable.strings (in target 'SnapPath' from project 'SnapPath')
    cd /Users/roy/source/project/SnapPath
    builtin-copyStrings --validate --outputencoding UTF-16 --outfilename Localizable.strings --outdir /Users/roy/Library/Developer/Xcode/DerivedData/SnapPath-gnushpntdfxxggfbjwrdpcoqhjsb/Build/Products/Debug/SnapPath.app/Contents/Resources/zh-Hans.lproj -- /Users/roy/Library/Developer/Xcode/DerivedData/SnapPath-gnushpntdfxxggfbjwrdpcoqhjsb/Build/Intermediates.noindex/SnapPath.build/Debug/SnapPath.build/zh-Hans.lproj/Localizable.strings
/Users/roy/Library/Developer/Xcode/DerivedData/SnapPath-gnushpntdfxxggfbjwrdpcoqhjsb/Build/Intermediates.noindex/SnapPath.build/Debug/SnapPath.build/zh-Hans.lproj/Localizable.strings:1:1: note: detected encoding of input file as Unicode (UTF-8) (in target 'SnapPath' from project 'SnapPath')

SwiftCompile normal arm64 Compiling\ EditorWindow.swift /Users/roy/source/project/SnapPath/SnapPath/Views/EditorWindow.swift (in target 'SnapPath' from project 'SnapPath')

SwiftCompile normal arm64 /Users/roy/source/project/SnapPath/SnapPath/Views/EditorWindow.swift (in target 'SnapPath' from project 'SnapPath')
    cd /Users/roy/source/project/SnapPath
    

SwiftCompile normal arm64 Compiling\ UpdateService.swift,\ Constants.swift /Users/roy/source/project/SnapPath/SnapPath/Services/UpdateService.swift /Users/roy/source/project/SnapPath/SnapPath/Utils/Constants.swift (in target 'SnapPath' from project 'SnapPath')
SwiftCompile normal arm64 /Users/roy/source/project/SnapPath/SnapPath/Services/UpdateService.swift (in target 'SnapPath' from project 'SnapPath')
    cd /Users/roy/source/project/SnapPath
    

SwiftCompile normal arm64 /Users/roy/source/project/SnapPath/SnapPath/Utils/Constants.swift (in target 'SnapPath' from project 'SnapPath')
    cd /Users/roy/source/project/SnapPath
    

SwiftCompile normal arm64 Compiling\ DesignTokens.swift,\ AboutView.swift /Users/roy/source/project/SnapPath/SnapPath/Utils/DesignTokens.swift /Users/roy/source/project/SnapPath/SnapPath/Views/AboutView.swift (in target 'SnapPath' from project 'SnapPath')
Failed frontend command:
/Applications/Xcode.app/Contents/Developer/Toolchains/XcodeDefault.xctoolchain/usr/bin/swift-frontend -frontend -c /Users/roy/source/project/SnapPath/SnapPath/Models/Annotation.swift /Users/roy/source/project/SnapPath/SnapPath/Models/AppSettings.swift /Users/roy/source/project/SnapPath/SnapPath/Models/CaptureMode.swift /Users/roy/source/project/SnapPath/SnapPath/Services/AnnotationRenderer.swift /Users/roy/source/project/SnapPath/SnapPath/Services/ClipboardService.swift /Users/roy/source/project/SnapPath/SnapPath/Services/FileService.swift /Users/roy/source/project/SnapPath/SnapPath/Services/HotkeyService.swift /Users/roy/source/project/SnapPath/SnapPath/Services/LaunchAtLoginService.swift /Users/roy/source/project/SnapPath/SnapPath/Services/NotificationService.swift /Users/roy/source/project/SnapPath/SnapPath/Services/OCRService.swift /Users/roy/source/project/SnapPath/SnapPath/Services/PinService.swift /Users/roy/source/project/SnapPath/SnapPath/Services/ScreenCaptureService.swift /Users/roy/source/project/SnapPath/SnapPath/Services/UpdateService.swift /Users/roy/source/project/SnapPath/SnapPath/Utils/Constants.swift -primary-file /Users/roy/source/project/SnapPath/SnapPath/Utils/DesignTokens.swift /Users/roy/source/project/SnapPath/SnapPath/Utils/L10n.swift /Users/roy/source/project/SnapPath/SnapPath/Utils/PermissionChecker.swift /Users/roy/source/project/SnapPath/SnapPath/Utils/ScreenCoordinateHelper.swift -primary-file /Users/roy/source/project/SnapPath/SnapPath/Views/AboutView.swift /Users/roy/source/project/SnapPath/SnapPath/Views/EditorCanvasView.swift /Users/roy/source/project/SnapPath/SnapPath/Views/EditorToolbarView.swift /Users/roy/source/project/SnapPath/SnapPath/Views/EditorWindow.swift /Users/roy/source/project/SnapPath/SnapPath/Views/PinWindow.swift /Users/roy/source/project/SnapPath/SnapPath/Views/ScreenshotOverlay.swift /Users/roy/source/project/SnapPath/SnapPath/Views/SettingsView.swift /Users/roy/source/project/SnapPath/SnapPath/Views/TextEditingView.swift /Users/roy/source/project/SnapPath/SnapPath/AppDelegate.swift /Users/roy/source/project/SnapPath/SnapPath/SnapPathApp.swift /Users/roy/Library/Developer/Xcode/DerivedData/SnapPath-gnushpntdfxxggfbjwrdpcoqhjsb/Build/Intermediates.noindex/SnapPath.build/Debug/SnapPath.build/DerivedSources/GeneratedAssetSymbols.swift /Users/roy/Library/Developer/Xcode/DerivedData/SnapPath-gnushpntdfxxggfbjwrdpcoqhjsb/Build/Intermediates.noindex/SnapPath.build/Debug/SnapPath.build/DerivedSources/GeneratedStringSymbols_Localizable.swift -emit-dependencies-path /Users/roy/Library/Developer/Xcode/DerivedData/SnapPath-gnushpntdfxxggfbjwrdpcoqhjsb/Build/Intermediates.noindex/SnapPath.build/Debug/SnapPath.build/Objects-normal/arm64/DesignTokens.d -emit-const-values-path /Users/roy/Library/Developer/Xcode/DerivedData/SnapPath-gnushpntdfxxggfbjwrdpcoqhjsb/Build/Intermediates.noindex/SnapPath.build/Debug/SnapPath.build/Objects-normal/arm64/DesignTokens.swiftconstvalues -emit-reference-dependencies-path /Users/roy/Library/Developer/Xcode/DerivedData/SnapPath-gnushpntdfxxggfbjwrdpcoqhjsb/Build/Intermediates.noindex/SnapPath.build/Debug/SnapPath.build/Objects-normal/arm64/DesignTokens.swiftdeps -serialize-diagnostics-path /Users/roy/Library/Developer/Xcode/DerivedData/SnapPath-gnushpntdfxxggfbjwrdpcoqhjsb/Build/Intermediates.noindex/SnapPath.build/Debug/SnapPath.build/Objects-normal/arm64/DesignTokens.dia -emit-dependencies-path /Users/roy/Library/Developer/Xcode/DerivedData/SnapPath-gnushpntdfxxggfbjwrdpcoqhjsb/Build/Intermediates.noindex/SnapPath.build/Debug/SnapPath.build/Objects-normal/arm64/AboutView.d -emit-const-values-path /Users/roy/Library/Developer/Xcode/DerivedData/SnapPath-gnushpntdfxxggfbjwrdpcoqhjsb/Build/Intermediates.noindex/SnapPath.build/Debug/SnapPath.build/Objects-normal/arm64/AboutView.swiftconstvalues -emit-reference-dependencies-path /Users/roy/Library/Developer/Xcode/DerivedData/SnapPath-gnushpntdfxxggfbjwrdpcoqhjsb/Build/Intermediates.noindex/SnapPath.build/Debug/SnapPath.build/Objects-normal/arm64/AboutView.swiftdeps -serialize-diagnostics-path /Users/roy/Library/Developer/Xcode/DerivedData/SnapPath-gnushpntdfxxggfbjwrdpcoqhjsb/Build/Intermediates.noindex/SnapPath.build/Debug/SnapPath.build/Objects-normal/arm64/AboutView.dia -emit-localized-strings -emit-localized-strings-path /Users/roy/Library/Developer/Xcode/DerivedData/SnapPath-gnushpntdfxxggfbjwrdpcoqhjsb/Build/Intermediates.noindex/SnapPath.build/Debug/SnapPath.build/Objects-normal/arm64 -target arm64-apple-macos11.5 -module-can-import-version AppKit 2685.30.107 2685.30.107 -module-can-import-version DeveloperToolsSupport 23.0.4 23.0.4 -module-can-import-version SwiftUI 7.2.5.1 7.2.5 -load-resolved-plugin /Applications/Xcode.app/Contents/Developer/Platforms/MacOSX.platform/Developer/usr/lib/swift/host/plugins/libFoundationMacros.dylib\#/Applications/Xcode.app/Contents/Developer/Platforms/MacOSX.platform/Developer/usr/bin/swift-plugin-server\#FoundationMacros -load-resolved-plugin /Applications/Xcode.app/Contents/Developer/Platforms/MacOSX.platform/Developer/usr/lib/swift/host/plugins/libObservationMacros.dylib\#/Applications/Xcode.app/Contents/Developer/Platforms/MacOSX.platform/Developer/usr/bin/swift-plugin-server\#ObservationMacros -load-resolved-plugin /Applications/Xcode.app/Contents/Developer/Platforms/MacOSX.platform/Developer/usr/lib/swift/host/plugins/libPreviewsMacros.dylib\#/Applications/Xcode.app/Contents/Developer/Platforms/MacOSX.platform/Developer/usr/bin/swift-plugin-server\#PreviewsMacros -load-resolved-plugin /Applications/Xcode.app/Contents/Developer/Platforms/MacOSX.platform/Developer/usr/lib/swift/host/plugins/libSwiftMacros.dylib\#/Applications/Xcode.app/Contents/Developer/Platforms/MacOSX.platform/Developer/usr/bin/swift-plugin-server\#SwiftMacros -load-resolved-plugin /Applications/Xcode.app/Contents/Developer/Platforms/MacOSX.platform/Developer/usr/lib/swift/host/plugins/libSwiftUIMacros.dylib\#/Applications/Xcode.app/Contents/Developer/Platforms/MacOSX.platform/Developer/usr/bin/swift-plugin-server\#SwiftUIMacros -disable-implicit-swift-modules -Xcc -fno-implicit-modules -Xcc -fno-implicit-module-maps -explicit-swift-module-map-file /Users/roy/Library/Developer/Xcode/DerivedData/SnapPath-gnushpntdfxxggfbjwrdpcoqhjsb/Build/Intermediates.noindex/SnapPath.build/Debug/SnapPath.build/Objects-normal/arm64/SnapPath-dependencies-1.json -Xllvm -aarch64-use-tbi -enable-objc-interop -stack-check -sdk /Applications/Xcode.app/Contents/Developer/Platforms/MacOSX.platform/Developer/SDKs/MacOSX26.2.sdk -I /Users/roy/Library/Developer/Xcode/DerivedData/SnapPath-gnushpntdfxxggfbjwrdpcoqhjsb/Build/Products/Debug -F /Users/roy/Library/Developer/Xcode/DerivedData/SnapPath-gnushpntdfxxggfbjwrdpcoqhjsb/Build/Products/Debug/PackageFrameworks -F /Users/roy/Library/Developer/Xcode/DerivedData/SnapPath-gnushpntdfxxggfbjwrdpcoqhjsb/Build/Products/Debug/PackageFrameworks -F /Users/roy/Library/Developer/Xcode/DerivedData/SnapPath-gnushpntdfxxggfbjwrdpcoqhjsb/Build/Products/Debug -no-color-diagnostics -Xcc -fno-color-diagnostics -enable-testing -g -debug-info-format\=dwarf -dwarf-version\=4 -module-cache-path /Users/roy/Library/Developer/Xcode/DerivedData/SnapPath-gnushpntdfxxggfbjwrdpcoqhjsb/Build/Intermediates.noindex/SwiftExplicitPrecompiledModules -swift-version 5 -enforce-exclusivity\=checked -Onone -D DEBUG -serialize-debugging-options -const-gather-protocols-file /Users/roy/Library/Developer/Xcode/DerivedData/SnapPath-gnushpntdfxxggfbjwrdpcoqhjsb/Build/Intermediates.noindex/SnapPath.build/Debug/SnapPath.build/Objects-normal/arm64/SnapPath_const_extract_protocols.json -enable-experimental-feature DebugDescriptionMacro -enable-bare-slash-regex -empty-abi-descriptor -validate-clang-modules-once -clang-build-session-file /Users/roy/Library/Developer/Xcode/DerivedData/ModuleCache.noindex/Session.modulevalidation -Xcc -working-directory -Xcc /Users/roy/source/project/SnapPath -enable-anonymous-context-mangled-names -file-compilation-dir /Users/roy/source/project/SnapPath -Xcc -D_LIBCPP_HARDENING_MODE\=_LIBCPP_HARDENING_MODE_DEBUG -Xcc -ivfsstatcache -Xcc /Users/roy/Library/Developer/Xcode/DerivedData/SDKStatCaches.noindex/macosx26.2-25C57-00fa09913b459cbbc988d1f6730289ae.sdkstatcache -Xcc -I/Users/roy/Library/Developer/Xcode/DerivedData/SnapPath-gnushpntdfxxggfbjwrdpcoqhjsb/Build/Intermediates.noindex/SnapPath.build/Debug/SnapPath.build/swift-overrides.hmap -Xcc -iquote -Xcc /Users/roy/Library/Developer/Xcode/DerivedData/SnapPath-gnushpntdfxxggfbjwrdpcoqhjsb/Build/Intermediates.noindex/SnapPath.build/Debug/SnapPath.build/SnapPath-generated-files.hmap -Xcc -I/Users/roy/Library/Developer/Xcode/DerivedData/SnapPath-gnushpntdfxxggfbjwrdpcoqhjsb/Build/Intermediates.noindex/SnapPath.build/Debug/SnapPath.build/SnapPath-own-target-headers.hmap -Xcc -I/Users/roy/Library/Developer/Xcode/DerivedData/SnapPath-gnushpntdfxxggfbjwrdpcoqhjsb/Build/Intermediates.noindex/SnapPath.build/Debug/SnapPath.build/SnapPath-all-non-framework-target-headers.hmap -Xcc -ivfsoverlay -Xcc /Users/roy/Library/Developer/Xcode/DerivedData/SnapPath-gnushpntdfxxggfbjwrdpcoqhjsb/Build/Intermediates.noindex/SnapPath.build/Debug/SnapPath-1357f86ea78b2f38c05ee02ede49d9f6-VFS/all-product-headers.yaml -Xcc -iquote -Xcc /Users/roy/Library/Developer/Xcode/DerivedData/SnapPath-gnushpntdfxxggfbjwrdpcoqhjsb/Build/Intermediates.noindex/SnapPath.build/Debug/SnapPath.build/SnapPath-project-headers.hmap -Xcc -I/Users/roy/Library/Developer/Xcode/DerivedData/SnapPath-gnushpntdfxxggfbjwrdpcoqhjsb/Build/Products/Debug/include -Xcc -I/Users/roy/Library/Developer/Xcode/DerivedData/SnapPath-gnushpntdfxxggfbjwrdpcoqhjsb/Build/Intermediates.noindex/SnapPath.build/Debug/SnapPath.build/DerivedSources-normal/arm64 -Xcc -I/Users/roy/Library/Developer/Xcode/DerivedData/SnapPath-gnushpntdfxxggfbjwrdpcoqhjsb/Build/Intermediates.noindex/SnapPath.build/Debug/SnapPath.build/DerivedSources/arm64 -Xcc -I/Users/roy/Library/Developer/Xcode/DerivedData/SnapPath-gnushpntdfxxggfbjwrdpcoqhjsb/Build/Intermediates.noindex/SnapPath.build/Debug/SnapPath.build/DerivedSources -Xcc -DDEBUG\=1 -no-auto-bridging-header-chaining -module-name SnapPath -frontend-parseable-output -disable-clang-spi -target-sdk-version 26.2 -target-sdk-name macosx26.2 -clang-target arm64-apple-macos26.2 -in-process-plugin-server-path /Applications/Xcode.app/Contents/Developer/Toolchains/XcodeDefault.xctoolchain/usr/lib/swift/host/libSwiftInProcPluginServer.dylib -o /Users/roy/Library/Developer/Xcode/DerivedData/SnapPath-gnushpntdfxxggfbjwrdpcoqhjsb/Build/Intermediates.noindex/SnapPath.build/Debug/SnapPath.build/Objects-normal/arm64/DesignTokens.o -o /Users/roy/Library/Developer/Xcode/DerivedData/SnapPath-gnushpntdfxxggfbjwrdpcoqhjsb/Build/Intermediates.noindex/SnapPath.build/Debug/SnapPath.build/Objects-normal/arm64/AboutView.o -index-unit-output-path /SnapPath.build/Debug/SnapPath.build/Objects-normal/arm64/DesignTokens.o -index-unit-output-path /SnapPath.build/Debug/SnapPath.build/Objects-normal/arm64/AboutView.o -index-store-path /Users/roy/Library/Developer/Xcode/DerivedData/SnapPath-gnushpntdfxxggfbjwrdpcoqhjsb/Index.noindex/DataStore -index-system-modules

SwiftCompile normal arm64 /Users/roy/source/project/SnapPath/SnapPath/Utils/DesignTokens.swift (in target 'SnapPath' from project 'SnapPath')
    cd /Users/roy/source/project/SnapPath
    

SwiftCompile normal arm64 /Users/roy/source/project/SnapPath/SnapPath/Views/AboutView.swift (in target 'SnapPath' from project 'SnapPath')
    cd /Users/roy/source/project/SnapPath
    
/Users/roy/source/project/SnapPath/SnapPath/Views/AboutView.swift:54:31: error: 'borderedProminent' is only available in macOS 12.0 or newer
                .buttonStyle(.borderedProminent)
                              ^
/Users/roy/source/project/SnapPath/SnapPath/Views/AboutView.swift:54:31: note: add 'if #available' version check
                .buttonStyle(.borderedProminent)
                              ^
/Users/roy/source/project/SnapPath/SnapPath/Views/AboutView.swift:12:9: note: add '@available' attribute to enclosing property
    var body: some View {
        ^
/Users/roy/source/project/SnapPath/SnapPath/Views/AboutView.swift:3:8: note: add '@available' attribute to enclosing struct
struct AboutView: View {
       ^

SwiftCompile normal arm64 Compiling\ EditorCanvasView.swift /Users/roy/source/project/SnapPath/SnapPath/Views/EditorCanvasView.swift (in target 'SnapPath' from project 'SnapPath')

SwiftCompile normal arm64 /Users/roy/source/project/SnapPath/SnapPath/Views/EditorCanvasView.swift (in target 'SnapPath' from project 'SnapPath')
    cd /Users/roy/source/project/SnapPath
    

SwiftCompile normal arm64 Compiling\ EditorToolbarView.swift /Users/roy/source/project/SnapPath/SnapPath/Views/EditorToolbarView.swift (in target 'SnapPath' from project 'SnapPath')

SwiftCompile normal arm64 /Users/roy/source/project/SnapPath/SnapPath/Views/EditorToolbarView.swift (in target 'SnapPath' from project 'SnapPath')
    cd /Users/roy/source/project/SnapPath
    

SwiftCompile normal arm64 Compiling\ PinWindow.swift /Users/roy/source/project/SnapPath/SnapPath/Views/PinWindow.swift (in target 'SnapPath' from project 'SnapPath')

SwiftCompile normal arm64 /Users/roy/source/project/SnapPath/SnapPath/Views/PinWindow.swift (in target 'SnapPath' from project 'SnapPath')
    cd /Users/roy/source/project/SnapPath
    

SwiftEmitModule normal arm64 Emitting\ module\ for\ SnapPath (in target 'SnapPath' from project 'SnapPath')

EmitSwiftModule normal arm64 (in target 'SnapPath' from project 'SnapPath')
    cd /Users/roy/source/project/SnapPath
    

SwiftCompile normal arm64 Compiling\ SettingsView.swift /Users/roy/source/project/SnapPath/SnapPath/Views/SettingsView.swift (in target 'SnapPath' from project 'SnapPath')
SwiftCompile normal arm64 /Users/roy/source/project/SnapPath/SnapPath/Views/SettingsView.swift (in target 'SnapPath' from project 'SnapPath')
    cd /Users/roy/source/project/SnapPath
    

SwiftCompile normal arm64 Compiling\ TextEditingView.swift /Users/roy/source/project/SnapPath/SnapPath/Views/TextEditingView.swift (in target 'SnapPath' from project 'SnapPath')

SwiftCompile normal arm64 /Users/roy/source/project/SnapPath/SnapPath/Views/TextEditingView.swift (in target 'SnapPath' from project 'SnapPath')
    cd /Users/roy/source/project/SnapPath
    

SwiftCompile normal arm64 Compiling\ AppDelegate.swift /Users/roy/source/project/SnapPath/SnapPath/AppDelegate.swift (in target 'SnapPath' from project 'SnapPath')

SwiftCompile normal arm64 /Users/roy/source/project/SnapPath/SnapPath/AppDelegate.swift (in target 'SnapPath' from project 'SnapPath')
    cd /Users/roy/source/project/SnapPath
    

SwiftCompile normal arm64 Compiling\ ScreenshotOverlay.swift /Users/roy/source/project/SnapPath/SnapPath/Views/ScreenshotOverlay.swift (in target 'SnapPath' from project 'SnapPath')

** BUILD FAILED **


The following build commands failed:
	SwiftCompile normal arm64 Compiling\ DesignTokens.swift,\ AboutView.swift /Users/roy/source/project/SnapPath/SnapPath/Utils/DesignTokens.swift /Users/roy/source/project/SnapPath/SnapPath/Views/AboutView.swift (in target 'SnapPath' from project 'SnapPath')
	SwiftCompile normal arm64 /Users/roy/source/project/SnapPath/SnapPath/Views/AboutView.swift (in target 'SnapPath' from project 'SnapPath')
	Building project SnapPath with scheme SnapPath and configuration Debug
(3 failures)
